12-May-2024 16:51:40.318 INFO [main] org.apache.catalina.core.ApplicationContext.log ContextListener: contextInitialized()
12-May-2024 16:51:40.318 INFO [main] org.apache.catalina.core.ApplicationContext.log SessionListener: contextInitialized()
12-May-2024 16:51:40.323 INFO [main] org.apache.catalina.core.ApplicationContext.log ContextListener: attributeAdded('StockTicker', 'async.Stockticker@403132fc')
12-May-2024 17:08:42.932 SEVERE [http-nio-8080-exec-31] org.apache.catalina.core.StandardWrapperValve.invoke El Servlet.service() para el servlet [jsp] en el contexto con ruta [/ProyectoFinalWeb] lanzó la excepción [Ha sucedido una excepción al procesar la página JSP [/menu.jsp] en línea [10]

7: <%
8:     HttpSession objSesion=request.getSession(false);
9:     String usuario=(String)objSesion.getAttribute("usuario");
10:     if(usuario.equals("")){
11:         response.sendRedirect("index.jsp");
12:     }
13: %>


Stacktrace:] con causa raíz
	java.lang.NullPointerException: Cannot invoke "String.equals(Object)" because "usuario" is null
		at org.apache.jsp.menu_jsp._jspService(menu_jsp.java:126)
		at org.apache.jasper.runtime.HttpJspBase.service(HttpJspBase.java:70)
		at jakarta.servlet.http.HttpServlet.service(HttpServlet.java:658)
		at org.apache.jasper.servlet.JspServletWrapper.service(JspServletWrapper.java:456)
		at org.apache.jasper.servlet.JspServlet.serviceJspFile(JspServlet.java:380)
		at org.apache.jasper.servlet.JspServlet.service(JspServlet.java:328)
		at jakarta.servlet.http.HttpServlet.service(HttpServlet.java:658)
		at org.apache.catalina.core.ApplicationFilterChain.internalDoFilter(ApplicationFilterChain.java:206)
		at org.apache.catalina.core.ApplicationFilterChain.doFilter(ApplicationFilterChain.java:150)
		at org.apache.tomcat.websocket.server.WsFilter.doFilter(WsFilter.java:51)
		at org.apache.catalina.core.ApplicationFilterChain.internalDoFilter(ApplicationFilterChain.java:175)
		at org.apache.catalina.core.ApplicationFilterChain.doFilter(ApplicationFilterChain.java:150)
		at org.apache.catalina.core.StandardWrapperValve.invoke(StandardWrapperValve.java:167)
		at org.apache.catalina.core.StandardContextValve.invoke(StandardContextValve.java:90)
		at org.apache.catalina.authenticator.AuthenticatorBase.invoke(AuthenticatorBase.java:482)
		at org.apache.catalina.core.StandardHostValve.invoke(StandardHostValve.java:115)
		at org.apache.catalina.valves.ErrorReportValve.invoke(ErrorReportValve.java:93)
		at org.apache.catalina.valves.AbstractAccessLogValve.invoke(AbstractAccessLogValve.java:673)
		at org.apache.catalina.core.StandardEngineValve.invoke(StandardEngineValve.java:74)
		at org.apache.catalina.connector.CoyoteAdapter.service(CoyoteAdapter.java:344)
		at org.apache.coyote.http11.Http11Processor.service(Http11Processor.java:391)
		at org.apache.coyote.AbstractProcessorLight.process(AbstractProcessorLight.java:63)
		at org.apache.coyote.AbstractProtocol$ConnectionHandler.process(AbstractProtocol.java:896)
		at org.apache.tomcat.util.net.NioEndpoint$SocketProcessor.doRun(NioEndpoint.java:1736)
		at org.apache.tomcat.util.net.SocketProcessorBase.run(SocketProcessorBase.java:52)
		at org.apache.tomcat.util.threads.ThreadPoolExecutor.runWorker(ThreadPoolExecutor.java:1191)
		at org.apache.tomcat.util.threads.ThreadPoolExecutor$Worker.run(ThreadPoolExecutor.java:659)
		at org.apache.tomcat.util.threads.TaskThread$WrappingRunnable.run(TaskThread.java:63)
		at java.base/java.lang.Thread.run(Thread.java:1570)
12-May-2024 17:11:48.089 SEVERE [http-nio-8080-exec-41] org.apache.catalina.core.StandardWrapperValve.invoke El Servlet.service() para el servlet [jsp] en el contexto con ruta [/ProyectoFinalWeb] lanzó la excepción [No se puede compilar la clase para JSP: 

Ha tenido lugar un error en la línea: [85] en el archivo jsp: [/menu.jsp]
usuario cannot be resolved to a variable
82:                                                 <li><a href="carritoCompras.jsp"><i class="fas fa-cart-plus">(<label style="color: orange">${contador}</label>)</i>Carrito</a></li>                                                
83:                                                 <li><a href="index.jsp"></i>Cerrar sesión</a></li>
84:                                                 <li><a href="eliminarUsuario.jsp">Eliminar mi cuenta</a></li>
85:                                                 <li><a><%= usuario%></a></li>
86:                                             </ul>
87:                                         </nav>
88: 


Stacktrace:] con causa raíz
	org.apache.jasper.JasperException: No se puede compilar la clase para JSP: 

Ha tenido lugar un error en la línea: [85] en el archivo jsp: [/menu.jsp]
usuario cannot be resolved to a variable
82:                                                 <li><a href="carritoCompras.jsp"><i class="fas fa-cart-plus">(<label style="color: orange">${contador}</label>)</i>Carrito</a></li>                                                
83:                                                 <li><a href="index.jsp"></i>Cerrar sesión</a></li>
84:                                                 <li><a href="eliminarUsuario.jsp">Eliminar mi cuenta</a></li>
85:                                                 <li><a><%= usuario%></a></li>
86:                                             </ul>
87:                                         </nav>
88: 


Stacktrace:
		at org.apache.jasper.compiler.DefaultErrorHandler.javacError(DefaultErrorHandler.java:102)
		at org.apache.jasper.compiler.ErrorDispatcher.javacError(ErrorDispatcher.java:214)
		at org.apache.jasper.compiler.JDTCompiler.generateClass(JDTCompiler.java:524)
		at org.apache.jasper.compiler.Compiler.compile(Compiler.java:402)
		at org.apache.jasper.compiler.Compiler.compile(Compiler.java:372)
		at org.apache.jasper.compiler.Compiler.compile(Compiler.java:356)
		at org.apache.jasper.JspCompilationContext.compile(JspCompilationContext.java:603)
		at org.apache.jasper.servlet.JspServletWrapper.service(JspServletWrapper.java:396)
		at org.apache.jasper.servlet.JspServlet.serviceJspFile(JspServlet.java:380)
		at org.apache.jasper.servlet.JspServlet.service(JspServlet.java:328)
		at jakarta.servlet.http.HttpServlet.service(HttpServlet.java:658)
		at org.apache.catalina.core.ApplicationFilterChain.internalDoFilter(ApplicationFilterChain.java:206)
		at org.apache.catalina.core.ApplicationFilterChain.doFilter(ApplicationFilterChain.java:150)
		at org.apache.tomcat.websocket.server.WsFilter.doFilter(WsFilter.java:51)
		at org.apache.catalina.core.ApplicationFilterChain.internalDoFilter(ApplicationFilterChain.java:175)
		at org.apache.catalina.core.ApplicationFilterChain.doFilter(ApplicationFilterChain.java:150)
		at org.apache.catalina.core.StandardWrapperValve.invoke(StandardWrapperValve.java:167)
		at org.apache.catalina.core.StandardContextValve.invoke(StandardContextValve.java:90)
		at org.apache.catalina.authenticator.AuthenticatorBase.invoke(AuthenticatorBase.java:482)
		at org.apache.catalina.core.StandardHostValve.invoke(StandardHostValve.java:115)
		at org.apache.catalina.valves.ErrorReportValve.invoke(ErrorReportValve.java:93)
		at org.apache.catalina.valves.AbstractAccessLogValve.invoke(AbstractAccessLogValve.java:673)
		at org.apache.catalina.core.StandardEngineValve.invoke(StandardEngineValve.java:74)
		at org.apache.catalina.connector.CoyoteAdapter.service(CoyoteAdapter.java:344)
		at org.apache.coyote.http11.Http11Processor.service(Http11Processor.java:391)
		at org.apache.coyote.AbstractProcessorLight.process(AbstractProcessorLight.java:63)
		at org.apache.coyote.AbstractProtocol$ConnectionHandler.process(AbstractProtocol.java:896)
		at org.apache.tomcat.util.net.NioEndpoint$SocketProcessor.doRun(NioEndpoint.java:1736)
		at org.apache.tomcat.util.net.SocketProcessorBase.run(SocketProcessorBase.java:52)
		at org.apache.tomcat.util.threads.ThreadPoolExecutor.runWorker(ThreadPoolExecutor.java:1191)
		at org.apache.tomcat.util.threads.ThreadPoolExecutor$Worker.run(ThreadPoolExecutor.java:659)
		at org.apache.tomcat.util.threads.TaskThread$WrappingRunnable.run(TaskThread.java:63)
		at java.base/java.lang.Thread.run(Thread.java:1570)
12-May-2024 17:13:41.146 SEVERE [http-nio-8080-exec-45] org.apache.catalina.core.StandardWrapperValve.invoke El Servlet.service() para el servlet [jsp] en el contexto con ruta [/ProyectoFinalWeb] lanzó la excepción [Ha sucedido una excepción al procesar la página JSP [/menu.jsp] en línea [10]

7: <%
8:     HttpSession objSesion=request.getSession(false);
9:     String nombre=(String)objSesion.getAttribute("nombre");
10:     if(nombre.equals("")){
11:         response.sendRedirect("index.jsp");
12:     }
13: %>


Stacktrace:] con causa raíz
	java.lang.NullPointerException: Cannot invoke "String.equals(Object)" because "nombre" is null
		at org.apache.jsp.menu_jsp._jspService(menu_jsp.java:126)
		at org.apache.jasper.runtime.HttpJspBase.service(HttpJspBase.java:70)
		at jakarta.servlet.http.HttpServlet.service(HttpServlet.java:658)
		at org.apache.jasper.servlet.JspServletWrapper.service(JspServletWrapper.java:456)
		at org.apache.jasper.servlet.JspServlet.serviceJspFile(JspServlet.java:380)
		at org.apache.jasper.servlet.JspServlet.service(JspServlet.java:328)
		at jakarta.servlet.http.HttpServlet.service(HttpServlet.java:658)
		at org.apache.catalina.core.ApplicationFilterChain.internalDoFilter(ApplicationFilterChain.java:206)
		at org.apache.catalina.core.ApplicationFilterChain.doFilter(ApplicationFilterChain.java:150)
		at org.apache.tomcat.websocket.server.WsFilter.doFilter(WsFilter.java:51)
		at org.apache.catalina.core.ApplicationFilterChain.internalDoFilter(ApplicationFilterChain.java:175)
		at org.apache.catalina.core.ApplicationFilterChain.doFilter(ApplicationFilterChain.java:150)
		at org.apache.catalina.core.StandardWrapperValve.invoke(StandardWrapperValve.java:167)
		at org.apache.catalina.core.StandardContextValve.invoke(StandardContextValve.java:90)
		at org.apache.catalina.authenticator.AuthenticatorBase.invoke(AuthenticatorBase.java:482)
		at org.apache.catalina.core.StandardHostValve.invoke(StandardHostValve.java:115)
		at org.apache.catalina.valves.ErrorReportValve.invoke(ErrorReportValve.java:93)
		at org.apache.catalina.valves.AbstractAccessLogValve.invoke(AbstractAccessLogValve.java:673)
		at org.apache.catalina.core.StandardEngineValve.invoke(StandardEngineValve.java:74)
		at org.apache.catalina.connector.CoyoteAdapter.service(CoyoteAdapter.java:344)
		at org.apache.coyote.http11.Http11Processor.service(Http11Processor.java:391)
		at org.apache.coyote.AbstractProcessorLight.process(AbstractProcessorLight.java:63)
		at org.apache.coyote.AbstractProtocol$ConnectionHandler.process(AbstractProtocol.java:896)
		at org.apache.tomcat.util.net.NioEndpoint$SocketProcessor.doRun(NioEndpoint.java:1736)
		at org.apache.tomcat.util.net.SocketProcessorBase.run(SocketProcessorBase.java:52)
		at org.apache.tomcat.util.threads.ThreadPoolExecutor.runWorker(ThreadPoolExecutor.java:1191)
		at org.apache.tomcat.util.threads.ThreadPoolExecutor$Worker.run(ThreadPoolExecutor.java:659)
		at org.apache.tomcat.util.threads.TaskThread$WrappingRunnable.run(TaskThread.java:63)
		at java.base/java.lang.Thread.run(Thread.java:1570)
12-May-2024 17:38:56.869 INFO [main] org.apache.catalina.core.ApplicationContext.log SessionListener: contextDestroyed()
12-May-2024 17:38:56.870 INFO [main] org.apache.catalina.core.ApplicationContext.log ContextListener: contextDestroyed()
12-May-2024 17:39:05.227 INFO [main] org.apache.catalina.core.ApplicationContext.log ContextListener: contextInitialized()
12-May-2024 17:39:05.227 INFO [main] org.apache.catalina.core.ApplicationContext.log SessionListener: contextInitialized()
12-May-2024 17:39:05.230 INFO [main] org.apache.catalina.core.ApplicationContext.log ContextListener: attributeAdded('StockTicker', 'async.Stockticker@7d95166a')
12-May-2024 18:04:05.487 SEVERE [http-nio-8080-exec-75] org.apache.catalina.core.StandardWrapperValve.invoke El Servlet.service() para el servlet [jsp] en el contexto con ruta [/ProyectoFinalWeb] lanzó la excepción [org.apache.jasper.JasperException: No se puede compilar la clase para JSP] con causa raíz
	java.io.IOException: Unable to delete class file [C:\Users\Yeisi\Documents\Github\Cenaduria\ProyectoFinalWeb\apache-tomcat-10.1.20-windows-x64\apache-tomcat-10.1.20\work\Catalina\localhost\ProyectoFinalWeb\org\apache\jsp\index_jsp.class]
		at org.apache.jasper.compiler.SmapUtil$SDEInstaller.install(SmapUtil.java:179)
		at org.apache.jasper.compiler.SmapUtil.installSmap(SmapUtil.java:141)
		at org.apache.jasper.compiler.JDTCompiler.generateClass(JDTCompiler.java:538)
		at org.apache.jasper.compiler.Compiler.compile(Compiler.java:402)
		at org.apache.jasper.compiler.Compiler.compile(Compiler.java:372)
		at org.apache.jasper.compiler.Compiler.compile(Compiler.java:356)
		at org.apache.jasper.JspCompilationContext.compile(JspCompilationContext.java:603)
		at org.apache.jasper.servlet.JspServletWrapper.service(JspServletWrapper.java:396)
		at org.apache.jasper.servlet.JspServlet.serviceJspFile(JspServlet.java:380)
		at org.apache.jasper.servlet.JspServlet.service(JspServlet.java:328)
		at jakarta.servlet.http.HttpServlet.service(HttpServlet.java:658)
		at org.apache.catalina.core.ApplicationFilterChain.internalDoFilter(ApplicationFilterChain.java:206)
		at org.apache.catalina.core.ApplicationFilterChain.doFilter(ApplicationFilterChain.java:150)
		at org.apache.tomcat.websocket.server.WsFilter.doFilter(WsFilter.java:51)
		at org.apache.catalina.core.ApplicationFilterChain.internalDoFilter(ApplicationFilterChain.java:175)
		at org.apache.catalina.core.ApplicationFilterChain.doFilter(ApplicationFilterChain.java:150)
		at org.apache.catalina.core.StandardWrapperValve.invoke(StandardWrapperValve.java:167)
		at org.apache.catalina.core.StandardContextValve.invoke(StandardContextValve.java:90)
		at org.apache.catalina.authenticator.AuthenticatorBase.invoke(AuthenticatorBase.java:482)
		at org.apache.catalina.core.StandardHostValve.invoke(StandardHostValve.java:115)
		at org.apache.catalina.valves.ErrorReportValve.invoke(ErrorReportValve.java:93)
		at org.apache.catalina.valves.AbstractAccessLogValve.invoke(AbstractAccessLogValve.java:673)
		at org.apache.catalina.core.StandardEngineValve.invoke(StandardEngineValve.java:74)
		at org.apache.catalina.connector.CoyoteAdapter.service(CoyoteAdapter.java:344)
		at org.apache.coyote.http11.Http11Processor.service(Http11Processor.java:391)
		at org.apache.coyote.AbstractProcessorLight.process(AbstractProcessorLight.java:63)
		at org.apache.coyote.AbstractProtocol$ConnectionHandler.process(AbstractProtocol.java:896)
		at org.apache.tomcat.util.net.NioEndpoint$SocketProcessor.doRun(NioEndpoint.java:1736)
		at org.apache.tomcat.util.net.SocketProcessorBase.run(SocketProcessorBase.java:52)
		at org.apache.tomcat.util.threads.ThreadPoolExecutor.runWorker(ThreadPoolExecutor.java:1191)
		at org.apache.tomcat.util.threads.ThreadPoolExecutor$Worker.run(ThreadPoolExecutor.java:659)
		at org.apache.tomcat.util.threads.TaskThread$WrappingRunnable.run(TaskThread.java:63)
		at java.base/java.lang.Thread.run(Thread.java:1570)
12-May-2024 18:10:19.843 SEVERE [http-nio-8080-exec-100] org.apache.catalina.core.StandardWrapperValve.invoke El Servlet.service() para el servlet [jsp] en el contexto con ruta [/ProyectoFinalWeb] lanzó la excepción [Ha sucedido una excepción al procesar la página JSP [/carritoCompras.jsp] en línea [11]

8: <%
9:     HttpSession objSesion=request.getSession(false);
10:     String usuario=(String)objSesion.getAttribute("usuario");
11:     if(usuario.equals("")){
12:         response.sendRedirect("index.jsp");
13:     }
14: %>


Stacktrace:] con causa raíz
	java.lang.NullPointerException: Cannot invoke "String.equals(Object)" because "usuario" is null
		at org.apache.jsp.carritoCompras_jsp._jspService(carritoCompras_jsp.java:127)
		at org.apache.jasper.runtime.HttpJspBase.service(HttpJspBase.java:70)
		at jakarta.servlet.http.HttpServlet.service(HttpServlet.java:658)
		at org.apache.jasper.servlet.JspServletWrapper.service(JspServletWrapper.java:456)
		at org.apache.jasper.servlet.JspServlet.serviceJspFile(JspServlet.java:380)
		at org.apache.jasper.servlet.JspServlet.service(JspServlet.java:328)
		at jakarta.servlet.http.HttpServlet.service(HttpServlet.java:658)
		at org.apache.catalina.core.ApplicationFilterChain.internalDoFilter(ApplicationFilterChain.java:206)
		at org.apache.catalina.core.ApplicationFilterChain.doFilter(ApplicationFilterChain.java:150)
		at org.apache.tomcat.websocket.server.WsFilter.doFilter(WsFilter.java:51)
		at org.apache.catalina.core.ApplicationFilterChain.internalDoFilter(ApplicationFilterChain.java:175)
		at org.apache.catalina.core.ApplicationFilterChain.doFilter(ApplicationFilterChain.java:150)
		at org.apache.catalina.core.StandardWrapperValve.invoke(StandardWrapperValve.java:167)
		at org.apache.catalina.core.StandardContextValve.invoke(StandardContextValve.java:90)
		at org.apache.catalina.authenticator.AuthenticatorBase.invoke(AuthenticatorBase.java:482)
		at org.apache.catalina.core.StandardHostValve.invoke(StandardHostValve.java:115)
		at org.apache.catalina.valves.ErrorReportValve.invoke(ErrorReportValve.java:93)
		at org.apache.catalina.valves.AbstractAccessLogValve.invoke(AbstractAccessLogValve.java:673)
		at org.apache.catalina.core.StandardEngineValve.invoke(StandardEngineValve.java:74)
		at org.apache.catalina.connector.CoyoteAdapter.service(CoyoteAdapter.java:344)
		at org.apache.coyote.http11.Http11Processor.service(Http11Processor.java:391)
		at org.apache.coyote.AbstractProcessorLight.process(AbstractProcessorLight.java:63)
		at org.apache.coyote.AbstractProtocol$ConnectionHandler.process(AbstractProtocol.java:896)
		at org.apache.tomcat.util.net.NioEndpoint$SocketProcessor.doRun(NioEndpoint.java:1736)
		at org.apache.tomcat.util.net.SocketProcessorBase.run(SocketProcessorBase.java:52)
		at org.apache.tomcat.util.threads.ThreadPoolExecutor.runWorker(ThreadPoolExecutor.java:1191)
		at org.apache.tomcat.util.threads.ThreadPoolExecutor$Worker.run(ThreadPoolExecutor.java:659)
		at org.apache.tomcat.util.threads.TaskThread$WrappingRunnable.run(TaskThread.java:63)
		at java.base/java.lang.Thread.run(Thread.java:1570)
12-May-2024 18:11:39.515 SEVERE [http-nio-8080-exec-99] org.apache.catalina.core.StandardWrapperValve.invoke El Servlet.service() para el servlet [jsp] en el contexto con ruta [/ProyectoFinalWeb] lanzó la excepción [No se puede compilar la clase para JSP: 

Ha tenido lugar un error en la línea: [11] en el archivo jsp: [/carritoCompras.jsp]
usuario cannot be resolved
8: <%
9:     HttpSession objSesion=request.getSession();
10:     String nombre=(String)objSesion.getAttribute("nombre");
11:     if(usuario.equals("")){
12:         response.sendRedirect("index.jsp");
13:     }
14: %>


Ha tenido lugar un error en la línea: [88] en el archivo jsp: [/carritoCompras.jsp]
usuario cannot be resolved to a variable
85:                                         <nav class="headermenu leftmenu" id="headnav" role="navigation">
86:                                             <ul>
87:                                                 <li><a href="menu.jsp">Regresar al menú</a></li>
88:                                                 <li><a><%= usuario%></a></li>
89:                                             </ul>
90:                                         </nav>
91: 


Stacktrace:] con causa raíz
	org.apache.jasper.JasperException: No se puede compilar la clase para JSP: 

Ha tenido lugar un error en la línea: [11] en el archivo jsp: [/carritoCompras.jsp]
usuario cannot be resolved
8: <%
9:     HttpSession objSesion=request.getSession();
10:     String nombre=(String)objSesion.getAttribute("nombre");
11:     if(usuario.equals("")){
12:         response.sendRedirect("index.jsp");
13:     }
14: %>


Ha tenido lugar un error en la línea: [88] en el archivo jsp: [/carritoCompras.jsp]
usuario cannot be resolved to a variable
85:                                         <nav class="headermenu leftmenu" id="headnav" role="navigation">
86:                                             <ul>
87:                                                 <li><a href="menu.jsp">Regresar al menú</a></li>
88:                                                 <li><a><%= usuario%></a></li>
89:                                             </ul>
90:                                         </nav>
91: 


Stacktrace:
		at org.apache.jasper.compiler.DefaultErrorHandler.javacError(DefaultErrorHandler.java:102)
		at org.apache.jasper.compiler.ErrorDispatcher.javacError(ErrorDispatcher.java:214)
		at org.apache.jasper.compiler.JDTCompiler.generateClass(JDTCompiler.java:524)
		at org.apache.jasper.compiler.Compiler.compile(Compiler.java:402)
		at org.apache.jasper.compiler.Compiler.compile(Compiler.java:372)
		at org.apache.jasper.compiler.Compiler.compile(Compiler.java:356)
		at org.apache.jasper.JspCompilationContext.compile(JspCompilationContext.java:603)
		at org.apache.jasper.servlet.JspServletWrapper.service(JspServletWrapper.java:396)
		at org.apache.jasper.servlet.JspServlet.serviceJspFile(JspServlet.java:380)
		at org.apache.jasper.servlet.JspServlet.service(JspServlet.java:328)
		at jakarta.servlet.http.HttpServlet.service(HttpServlet.java:658)
		at org.apache.catalina.core.ApplicationFilterChain.internalDoFilter(ApplicationFilterChain.java:206)
		at org.apache.catalina.core.ApplicationFilterChain.doFilter(ApplicationFilterChain.java:150)
		at org.apache.tomcat.websocket.server.WsFilter.doFilter(WsFilter.java:51)
		at org.apache.catalina.core.ApplicationFilterChain.internalDoFilter(ApplicationFilterChain.java:175)
		at org.apache.catalina.core.ApplicationFilterChain.doFilter(ApplicationFilterChain.java:150)
		at org.apache.catalina.core.StandardWrapperValve.invoke(StandardWrapperValve.java:167)
		at org.apache.catalina.core.StandardContextValve.invoke(StandardContextValve.java:90)
		at org.apache.catalina.authenticator.AuthenticatorBase.invoke(AuthenticatorBase.java:482)
		at org.apache.catalina.core.StandardHostValve.invoke(StandardHostValve.java:115)
		at org.apache.catalina.valves.ErrorReportValve.invoke(ErrorReportValve.java:93)
		at org.apache.catalina.valves.AbstractAccessLogValve.invoke(AbstractAccessLogValve.java:673)
		at org.apache.catalina.core.StandardEngineValve.invoke(StandardEngineValve.java:74)
		at org.apache.catalina.connector.CoyoteAdapter.service(CoyoteAdapter.java:344)
		at org.apache.coyote.http11.Http11Processor.service(Http11Processor.java:391)
		at org.apache.coyote.AbstractProcessorLight.process(AbstractProcessorLight.java:63)
		at org.apache.coyote.AbstractProtocol$ConnectionHandler.process(AbstractProtocol.java:896)
		at org.apache.tomcat.util.net.NioEndpoint$SocketProcessor.doRun(NioEndpoint.java:1736)
		at org.apache.tomcat.util.net.SocketProcessorBase.run(SocketProcessorBase.java:52)
		at org.apache.tomcat.util.threads.ThreadPoolExecutor.runWorker(ThreadPoolExecutor.java:1191)
		at org.apache.tomcat.util.threads.ThreadPoolExecutor$Worker.run(ThreadPoolExecutor.java:659)
		at org.apache.tomcat.util.threads.TaskThread$WrappingRunnable.run(TaskThread.java:63)
		at java.base/java.lang.Thread.run(Thread.java:1570)
12-May-2024 18:16:13.446 INFO [main] org.apache.catalina.core.ApplicationContext.log SessionListener: contextDestroyed()
12-May-2024 18:16:13.446 INFO [main] org.apache.catalina.core.ApplicationContext.log ContextListener: contextDestroyed()
